[2025-05-11T17:07:51.128Z] [GET ALL] | {"table":"posts","filters":{"user_id":""}}
[2025-05-11T17:07:51.203Z] [GET ALL] | {"table":"posts","filters":{"user_id":""}}
[2025-05-11T17:07:58.411Z] [CREATE] Item created | {"table":"posts","data":{"user_id":1,"title":"''''''''","is_active":true}}
[2025-05-11T17:08:01.125Z] [DELETE] | {"table":"posts","id":"19"}
[2025-05-11T17:08:30.216Z] [LOGIN ATTEMPT] | {"email":"Sincere@april.biz"}
[2025-05-11T17:08:30.306Z] [LOGIN SUCCESS] | {"userId":1}
[2025-05-11T17:08:32.126Z] [GET ALL] | {"table":"todos","filters":{"user_id":"1"}}
[2025-05-11T17:08:32.148Z] [GET ALL] | {"table":"todos","filters":{"user_id":"1"}}
[2025-05-11T17:08:33.381Z] [UPDATE] | {"table":"todos","id":"1","data":{"title":"Todo 1 for user 1","user_id":1,"is_active":1,"completed":true}}
[2025-05-11T17:59:17.194Z] [GET ALL] | {"table":"todos","filters":{"user_id":"1"}}
[2025-05-11T17:59:17.284Z] [GET ALL] | {"table":"todos","filters":{"user_id":"1"}}
[2025-05-11T18:26:46.329Z] [GET ALL] | {"table":"users","filters":{"id":"1"}}
[2025-05-11T18:26:46.350Z] [GET ALL] | {"table":"users","filters":{"id":"1"}}
[2025-05-11T18:29:47.522Z] [GET ALL] | {"table":"posts","filters":{"user_id":""}}
[2025-05-11T18:29:47.540Z] [GET ALL] | {"table":"posts","filters":{"user_id":""}}
[2025-05-11T18:30:15.878Z] [GET ALL] | {"table":"comments","filters":{"post_id":"1"}}
[2025-05-11T18:30:26.569Z] [LOGIN ATTEMPT] | {"email":"Sincere@april.biz"}
[2025-05-11T18:30:26.706Z] [LOGIN SUCCESS] | {"userId":1}
[2025-05-11T18:30:38.979Z] [GET ALL] | {"table":"posts","filters":{"user_id":""}}
[2025-05-11T18:30:38.994Z] [GET ALL] | {"table":"posts","filters":{"user_id":""}}
[2025-05-11T18:30:54.753Z] [GET ALL] | {"table":"posts","filters":{"user_id":""}}
[2025-05-11T18:30:54.770Z] [GET ALL] | {"table":"posts","filters":{"user_id":""}}
[2025-05-11T18:31:00.373Z] [GET ALL] | {"table":"posts","filters":{"user_id":""}}
[2025-05-11T18:31:00.389Z] [GET ALL] | {"table":"posts","filters":{"user_id":""}}
[2025-05-11T19:16:36.545Z] [LOGIN ATTEMPT] | {"email":"Sincere@april.biz"}
[2025-05-11T19:16:36.899Z] [LOGIN SUCCESS] | {"userId":1}
[2025-05-11T19:16:42.435Z] [GET ALL] | {"table":"posts","filters":{"user_id":""}}
[2025-05-11T19:16:42.457Z] [GET ALL] | {"table":"posts","filters":{"user_id":""}}
[2025-05-11T19:17:37.799Z] [GET ALL] | {"table":"todos","filters":{"user_id":""}}
[2025-05-11T19:17:37.819Z] [GET ALL] | {"table":"todos","filters":{"user_id":""}}
[2025-05-11T19:18:36.760Z] [LOGIN ATTEMPT] | {"email":"Sincere@april.biz"}
[2025-05-11T19:18:36.864Z] [LOGIN SUCCESS] | {"userId":1}
[2025-05-11T21:31:51.292Z] [GET ALL] | {"table":"posts","filters":{"user_id":""}}
[2025-05-11T21:31:51.311Z] [GET ALL] | {"table":"posts","filters":{"user_id":""}}
[2025-05-11T21:31:57.079Z] [GET ALL] | {"table":"posts","filters":{"user_id":""}}
[2025-05-11T21:31:57.092Z] [GET ALL] | {"table":"posts","filters":{"user_id":""}}
[2025-05-11T21:31:58.938Z] [GET ALL] | {"table":"posts","filters":{"user_id":""}}
[2025-05-11T21:32:03.222Z] [GET ALL] | {"table":"posts","filters":{"user_id":""}}
[2025-05-11T21:55:16.344Z] [GET ALL] | {"table":"posts","filters":{"user_id":""}}
[2025-05-11T21:55:16.353Z] [GET ALL] | {"table":"posts","filters":{"user_id":""}}
[2025-05-11T22:52:50.620Z] [GET ALL] | {"table":"posts","filters":{"user_id":""}}
[2025-05-11T22:52:50.638Z] [GET ALL] | {"table":"posts","filters":{"user_id":""}}
[2025-05-11T23:21:57.278Z] [GET ALL] | {"table":"posts","filters":{"user_id":""}}
[2025-05-11T23:21:57.291Z] [GET ALL] | {"table":"posts","filters":{"user_id":""}}
[2025-05-12T08:47:04.579Z] [GET ALL] | {"table":"posts","filters":{"user_id":""}}
[2025-05-12T08:47:04.614Z] [GET ALL] | {"table":"posts","filters":{"user_id":""}}
[2025-05-12T09:15:58.020Z] [GET ALL] | {"table":"comments","filters":{"post_id":"1"}}
[2025-05-12T09:25:27.546Z] [GET ALL] | {"table":"posts","filters":{"user_id":""}}
[2025-05-12T09:25:27.536Z] [GET ALL] | {"table":"posts","filters":{"user_id":""}}
[2025-05-12T11:34:54.368Z] [GET ALL] | {"table":"posts","filters":{"user_id":""}}
[2025-05-12T11:34:54.382Z] [GET ALL] | {"table":"posts","filters":{"user_id":""}}
[2025-05-12T13:11:12.311Z] [LOGIN ATTEMPT] | {"email":"Sincere@april.biz"}
[2025-05-12T13:11:12.621Z] [LOGIN SUCCESS] | {"userId":1}
[2025-05-12T13:16:56.693Z] [LOGIN ATTEMPT] | {"email":"Sincere@april.biz"}
[2025-05-12T13:16:56.819Z] [LOGIN SUCCESS] | {"userId":1}
[2025-05-12T13:18:13.178Z] [LOGIN ATTEMPT] | {"email":"Sincere@april.biz"}
[2025-05-12T13:18:13.485Z] [LOGIN SUCCESS] | {"userId":1}
[2025-05-12T14:36:22.449Z] [LOGIN ATTEMPT] | {"email":"Sincere@april.biz"}
[2025-05-12T14:36:22.583Z] [LOGIN SUCCESS] | {"userId":1}
[2025-05-12T14:37:35.620Z] [LOGIN ATTEMPT] | {"email":"Sincere@april.biz"}
[2025-05-12T14:37:35.790Z] [LOGIN SUCCESS] | {"userId":1}
[2025-05-12T14:38:38.010Z] [LOGIN ATTEMPT] | {"email":"Sincere@april.biz"}
[2025-05-12T14:38:38.117Z] [LOGIN SUCCESS] | {"userId":1}
[2025-05-12T14:44:24.765Z] [LOGIN ATTEMPT] | {"email":"Sincere@april.biz"}
[2025-05-12T14:44:24.870Z] [LOGIN SUCCESS] | {"userId":1}
[2025-05-12T14:45:02.040Z] [GET ALL] | {"table":"posts","filters":{"user_id":"null"}}
[2025-05-12T14:45:02.096Z] [GET ALL] | {"table":"posts","filters":{"user_id":"null"}}
[2025-05-12T14:45:44.141Z] [GET ALL] | {"table":"todos","filters":{"user_id":"1"}}
[2025-05-12T14:45:44.177Z] [GET ALL] | {"table":"todos","filters":{"user_id":"1"}}
[2025-05-12T14:46:54.510Z] [GET ALL] | {"table":"posts","filters":{"user_id":"null"}}
[2025-05-12T14:49:34.940Z] [GET ALL] | {"table":"posts","filters":{"user_id":"null"}}
[2025-05-12T14:50:54.479Z] [LOGIN ATTEMPT] | {"email":"Sincere@april.biz"}
[2025-05-12T14:50:54.701Z] [LOGIN SUCCESS] | {"userId":1}
[2025-05-12T14:51:09.477Z] [GET ALL] | {"table":"posts","filters":{"user_id":1}}
[2025-05-12T14:51:15.325Z] [GET ALL] | {"table":"posts","filters":{"user_id":1}}
[2025-05-12T14:54:13.939Z] [GET ALL] | {"table":"posts","filters":{"user_id":"null"}}
[2025-05-12T14:54:23.551Z] [LOGIN ATTEMPT] | {"email":"Sincere@april.biz"}
[2025-05-12T14:54:23.721Z] [LOGIN SUCCESS] | {"userId":1}
[2025-05-12T14:54:25.646Z] [GET ALL] | {"table":"posts","filters":{"user_id":"null"}}
[2025-05-12T14:54:25.672Z] [GET ALL] | {"table":"posts","filters":{"user_id":"null"}}
[2025-05-12T14:54:50.523Z] [LOGIN ATTEMPT] | {"email":"Sincere@april.biz"}
[2025-05-12T14:54:50.689Z] [LOGIN SUCCESS] | {"userId":1}
[2025-05-12T14:54:52.495Z] [GET ALL] | {"table":"posts","filters":{"user_id":1}}
[2025-05-12T14:54:52.532Z] [GET ALL] | {"table":"posts","filters":{"user_id":1}}
[2025-05-12T14:54:55.563Z] [GET ALL] | {"table":"todos","filters":{"user_id":"1"}}
[2025-05-12T14:54:55.598Z] [GET ALL] | {"table":"todos","filters":{"user_id":"1"}}
[2025-05-12T14:56:29.869Z] [LOGIN ATTEMPT] | {"email":"Sincere@april.biz"}
[2025-05-12T14:56:30.027Z] [LOGIN SUCCESS] | {"userId":1}
[2025-05-12T14:56:48.056Z] [LOGIN ATTEMPT] | {"email":"Sincere@april.biz"}
[2025-05-12T14:56:48.212Z] [LOGIN SUCCESS] | {"userId":1}
[2025-05-12T14:56:49.392Z] [GET ALL] | {"table":"posts","filters":{"user_id":1}}
[2025-05-12T14:56:49.414Z] [GET ALL] | {"table":"posts","filters":{"user_id":1}}
[2025-05-12T14:56:55.547Z] [GET ALL] | {"table":"comments","filters":{"post_id":"1"}}
[2025-05-12T15:04:24.815Z] [GET ALL] | {"table":"posts","filters":{"user_id":1}}
[2025-05-12T15:04:24.895Z] [GET ALL] | {"table":"posts","filters":{"user_id":1}}
[2025-05-12T15:04:28.702Z] [GET ALL] | {"table":"posts","filters":{"user_id":1}}
[2025-05-12T15:04:28.729Z] [GET ALL] | {"table":"posts","filters":{"user_id":1}}
[2025-05-12T15:04:31.709Z] [GET ALL] | {"table":"posts","filters":{"user_id":1}}
[2025-05-12T15:04:31.731Z] [GET ALL] | {"table":"posts","filters":{"user_id":1}}
[2025-05-12T15:04:36.618Z] [GET ALL] | {"table":"posts","filters":{"user_id":1}}
[2025-05-12T15:04:36.634Z] [GET ALL] | {"table":"posts","filters":{"user_id":1}}
[2025-05-12T15:04:44.567Z] [GET ALL] | {"table":"posts","filters":{"user_id":1}}
[2025-05-12T15:04:44.580Z] [GET ALL] | {"table":"posts","filters":{"user_id":1}}
[2025-05-12T15:19:21.438Z] [LOGIN ATTEMPT] | {"email":"Sincere@april.biz"}
[2025-05-12T15:19:21.565Z] [LOGIN SUCCESS] | {"userId":1}
[2025-05-12T15:19:40.524Z] [GET ALL] | {"table":"posts","filters":{"user_id":1}}
[2025-05-12T15:19:40.574Z] [LOGIN ATTEMPT] | {"email":"Sincere@april.biz"}
[2025-05-12T15:19:40.801Z] [LOGIN SUCCESS] | {"userId":1}
[2025-05-12T15:19:49.547Z] [GET ALL] | {"table":"posts","filters":{"user_id":1}}
[2025-05-12T15:20:18.832Z] [GET ALL] | {"table":"posts","filters":{"user_id":1}}
[2025-05-12T15:23:28.597Z] [LOGIN ATTEMPT] | {"email":"Sincere@april.biz"}
[2025-05-12T15:23:28.755Z] [LOGIN SUCCESS] | {"userId":1}
[2025-05-12T15:24:54.679Z] [LOGIN ATTEMPT] | {"email":"Sincere@april.biz"}
[2025-05-12T15:24:54.819Z] [LOGIN SUCCESS] | {"userId":1}
[2025-05-12T15:25:38.431Z] [LOGIN ATTEMPT] | {"email":"Sincere@april.biz"}
[2025-05-12T15:25:38.573Z] [LOGIN SUCCESS] | {"userId":1}
[2025-05-12T15:26:31.587Z] [GET ALL] | {"table":"posts","filters":{"user_id":1}}
[2025-05-12T15:26:33.167Z] [GET ALL] | {"table":"posts","filters":{"user_id":1}}
[2025-05-12T15:26:55.452Z] [LOGIN ATTEMPT] | {"email":"Sincere@april.biz"}
[2025-05-12T15:26:55.597Z] [LOGIN SUCCESS] | {"userId":1}
[2025-05-12T15:27:04.503Z] [GET ALL] | {"table":"posts","filters":{"user_id":1}}
[2025-05-12T15:27:04.522Z] [GET ALL] | {"table":"posts","filters":{"user_id":1}}
[2025-05-12T15:27:47.122Z] [CREATE] Item created | {"table":"posts","data":{"user_id":1,"title":"new post","body":"lalal","is_active":true}}
[2025-05-12T15:27:56.056Z] [GET ALL] | {"table":"posts","filters":{"user_id":1}}
[2025-05-12T15:27:59.000Z] [GET ALL] | {"table":"posts","filters":{"user_id":1}}
[2025-05-12T15:28:02.770Z] [GET ALL] | {"table":"posts","filters":{"user_id":1}}
[2025-05-12T15:28:07.149Z] [GET ALL] | {"table":"posts","filters":{"user_id":1}}
[2025-05-12T15:28:54.015Z] [GET ALL] | {"table":"posts","filters":{"user_id":1}}
[2025-05-12T15:28:54.761Z] [GET ALL] | {"table":"posts","filters":{"user_id":1}}
[2025-05-12T15:28:57.910Z] [GET ALL] | {"table":"posts","filters":{"user_id":1}}
[2025-05-12T15:29:20.843Z] [GET ALL] | {"table":"posts","filters":{"user_id":1}}
[2025-05-12T15:29:20.853Z] [GET ALL] | {"table":"posts","filters":{"user_id":1}}
[2025-05-12T15:29:22.609Z] [GET ALL] | {"table":"posts","filters":{"user_id":1}}
[2025-05-12T15:29:22.620Z] [GET ALL] | {"table":"posts","filters":{"user_id":1}}
[2025-05-12T15:29:24.729Z] [GET ALL] | {"table":"posts","filters":{"user_id":1}}
[2025-05-12T15:29:24.749Z] [GET ALL] | {"table":"posts","filters":{"user_id":1}}
[2025-05-12T15:29:31.780Z] [GET ALL] | {"table":"posts","filters":{"user_id":1}}
[2025-05-12T15:29:32.647Z] [GET ALL] | {"table":"posts","filters":{"user_id":1}}
[2025-05-12T15:29:47.137Z] [LOGIN ATTEMPT] | {"email":"Sincere@april.biz"}
[2025-05-12T15:29:47.276Z] [LOGIN SUCCESS] | {"userId":1}
[2025-05-12T15:29:49.522Z] [GET ALL] | {"table":"posts","filters":{"user_id":1}}
[2025-05-12T15:29:49.543Z] [GET ALL] | {"table":"posts","filters":{"user_id":1}}
[2025-05-12T15:29:55.055Z] [GET ALL] | {"table":"posts","filters":{"user_id":1}}
[2025-05-12T15:29:57.366Z] [GET ALL] | {"table":"posts","filters":{"user_id":1}}
[2025-05-12T15:30:54.829Z] [GET ALL] | {"table":"posts","filters":{"user_id":1}}
[2025-05-12T15:31:14.930Z] [GET ALL] | {"table":"posts","filters":{"user_id":1}}
[2025-05-12T15:31:48.786Z] [GET ALL] | {"table":"posts","filters":{"user_id":1}}
[2025-05-12T15:32:07.551Z] [GET ALL] | {"table":"posts","filters":{"user_id":1}}
[2025-05-12T15:36:25.293Z] [GET ALL] | {"table":"posts","filters":{"user_id":1}}
[2025-05-12T15:36:25.304Z] [GET ALL] | {"table":"posts","filters":{"user_id":1}}
[2025-05-12T15:36:30.665Z] [GET ALL] | {"table":"posts","filters":{"user_id":1}}
[2025-05-12T15:36:37.260Z] [GET ALL] | {"table":"posts","filters":{"user_id":1}}
[2025-05-12T15:37:26.751Z] [GET ALL] | {"table":"posts","filters":{"user_id":1}}
[2025-05-12T15:38:20.688Z] [GET ALL] | {"table":"posts","filters":{"user_id":1}}
[2025-05-12T15:38:20.699Z] [GET ALL] | {"table":"posts","filters":{"user_id":1}}
[2025-05-12T15:38:26.350Z] [GET ALL] | {"table":"posts","filters":{"user_id":1}}
[2025-05-12T15:39:55.711Z] [GET ALL] | {"table":"posts","filters":{"user_id":1}}
[2025-05-12T15:39:55.729Z] [GET ALL] | {"table":"posts","filters":{"user_id":1}}
[2025-05-12T15:40:01.592Z] [GET ALL] | {"table":"posts","filters":{"user_id":""}}
[2025-05-12T15:40:01.602Z] [GET ALL] | {"table":"posts","filters":{"user_id":""}}
[2025-05-12T15:40:05.267Z] [GET ALL] | {"table":"posts","filters":{"user_id":""}}
[2025-05-12T15:41:23.783Z] [GET ALL] | {"table":"posts","filters":{"user_id":1}}
[2025-05-12T15:44:21.633Z] [GET ALL] | {"table":"posts","filters":{"user_id":""}}
[2025-05-12T15:44:21.643Z] [GET ALL] | {"table":"posts","filters":{"user_id":""}}
[2025-05-12T15:46:25.716Z] [GET ALL] | {"table":"posts","filters":{"user_id":""}}
[2025-05-12T15:46:25.730Z] [GET ALL] | {"table":"posts","filters":{"user_id":""}}
[2025-05-12T15:47:08.045Z] [CREATE] Item created | {"table":"posts","data":{"user_id":1,"title":"'קראטוןםפ]","body":"ראטוןםפ","is_active":true}}
[2025-05-12T15:47:15.419Z] [GET ALL] | {"table":"posts","filters":{"user_id":""}}
[2025-05-12T15:47:19.472Z] [GET ALL] | {"table":"posts","filters":{"user_id":1}}
[2025-05-12T15:47:32.104Z] [GET ALL] | {"table":"posts","filters":{"user_id":""}}
[2025-05-12T15:48:23.627Z] [GET ALL] | {"table":"todos","filters":{"user_id":"1"}}
[2025-05-12T15:48:23.681Z] [GET ALL] | {"table":"todos","filters":{"user_id":"1"}}
[2025-05-12T15:48:32.718Z] [GET ALL] | {"table":"posts","filters":{"user_id":""}}
[2025-05-12T15:48:32.738Z] [GET ALL] | {"table":"posts","filters":{"user_id":""}}
[2025-05-12T15:49:07.607Z] [CREATE] Item created | {"table":"posts","data":{"user_id":1,"title":"jjjjj","body":"sdfghjkl;'","is_active":true}}
[2025-05-12T15:49:32.719Z] [GET ALL] | {"table":"posts","filters":{"user_id":""}}
[2025-05-12T15:49:32.728Z] [GET ALL] | {"table":"posts","filters":{"user_id":""}}
[2025-05-12T15:49:36.116Z] [GET ALL] | {"table":"posts","filters":{"user_id":""}}
[2025-05-12T15:49:36.997Z] [GET ALL] | {"table":"posts","filters":{"user_id":1}}
[2025-05-12T15:49:38.214Z] [GET ALL] | {"table":"posts","filters":{"user_id":""}}
[2025-05-12T15:49:41.005Z] [GET ALL] | {"table":"posts","filters":{"user_id":""}}
[2025-05-12T15:49:41.017Z] [GET ALL] | {"table":"posts","filters":{"user_id":""}}
[2025-05-12T15:49:43.432Z] [GET ALL] | {"table":"posts","filters":{"user_id":""}}
[2025-05-12T15:49:48.774Z] [GET ALL] | {"table":"posts","filters":{"user_id":1}}
[2025-05-12T15:49:52.619Z] [GET ALL] | {"table":"posts","filters":{"user_id":""}}
[2025-05-12T15:49:55.117Z] [GET ALL] | {"table":"posts","filters":{"user_id":""}}
[2025-05-12T15:49:55.128Z] [GET ALL] | {"table":"posts","filters":{"user_id":""}}
[2025-05-12T15:50:38.920Z] [GET ALL] | {"table":"posts","filters":{"user_id":""}}
[2025-05-12T15:50:38.931Z] [GET ALL] | {"table":"posts","filters":{"user_id":""}}
[2025-05-12T15:50:40.911Z] [GET ALL] | {"table":"posts","filters":{"user_id":1}}
[2025-05-12T15:50:41.904Z] [GET ALL] | {"table":"posts","filters":{"user_id":""}}
[2025-05-12T15:50:43.800Z] [GET ALL] | {"table":"posts","filters":{"user_id":""}}
[2025-05-12T15:50:43.812Z] [GET ALL] | {"table":"posts","filters":{"user_id":""}}
[2025-05-12T15:50:45.166Z] [GET ALL] | {"table":"posts","filters":{"user_id":1}}
[2025-05-12T15:50:46.153Z] [GET ALL] | {"table":"posts","filters":{"user_id":""}}
[2025-05-12T15:50:47.404Z] [GET ALL] | {"table":"posts","filters":{"user_id":1}}
[2025-05-12T15:50:48.093Z] [GET ALL] | {"table":"posts","filters":{"user_id":""}}
[2025-05-12T15:50:48.723Z] [GET ALL] | {"table":"posts","filters":{"user_id":1}}
[2025-05-12T15:50:51.385Z] [GET ALL] | {"table":"posts","filters":{"user_id":""}}
[2025-05-12T15:51:30.535Z] [GET ALL] | {"table":"todos","filters":{"user_id":"1"}}
[2025-05-12T15:51:30.589Z] [GET ALL] | {"table":"todos","filters":{"user_id":"1"}}
[2025-05-12T15:51:44.463Z] [CREATE] Item created | {"table":"todos","data":{"user_id":1,"completed":false,"title":"good day","is_active":true}}
[2025-05-12T15:51:55.733Z] [GET ALL] | {"table":"posts","filters":{"user_id":""}}
[2025-05-12T15:51:55.757Z] [GET ALL] | {"table":"posts","filters":{"user_id":""}}
[2025-05-12T15:52:14.015Z] [GET ALL] | {"table":"comments","filters":{"post_id":"2"}}
[2025-05-12T15:52:29.743Z] [CREATE] Item created | {"table":"comments","data":{"email":"Sincere@april.biz","post_id":2,"body":"aaa","is_active":true}}
[2025-05-12T15:57:27.562Z] [GET ALL] | {"table":"posts","filters":{"user_id":""}}
[2025-05-12T15:57:27.573Z] [GET ALL] | {"table":"posts","filters":{"user_id":""}}
[2025-05-12T15:57:27.621Z] [GET ALL] | {"table":"comments","filters":{"post_id":"2"}}
[2025-05-12T15:57:27.629Z] [GET ALL] | {"table":"comments","filters":{"post_id":"2"}}
[2025-05-12T15:57:48.553Z] [GET ALL] | {"table":"posts","filters":{"user_id":""}}
[2025-05-12T15:57:48.572Z] [GET ALL] | {"table":"posts","filters":{"user_id":""}}
[2025-05-12T15:57:48.624Z] [GET ALL] | {"table":"comments","filters":{"post_id":"2"}}
[2025-05-12T15:57:48.638Z] [GET ALL] | {"table":"comments","filters":{"post_id":"2"}}
[2025-05-12T15:58:02.763Z] [DELETE] | {"table":"posts","id":"4"}
[2025-05-12T15:58:30.434Z] [GET ALL] | {"table":"posts","filters":{"user_id":1}}
[2025-05-12T15:58:51.136Z] [UPDATE] | {"table":"posts","id":"22","data":{"id":22,"title":"jjjjj","body":"מיכל"}}
[2025-05-12T15:59:13.936Z] [UPDATE] | {"table":"posts","id":"21","data":{"id":21,"title":"אפרת","body":"היפה"}}
[2025-05-12T15:59:21.330Z] [GET ALL] | {"table":"comments","filters":{"post_id":"21"}}
[2025-05-12T15:59:48.929Z] [GET ALL] | {"table":"todos","filters":{"user_id":"1"}}
[2025-05-12T15:59:48.951Z] [GET ALL] | {"table":"todos","filters":{"user_id":"1"}}
